<?xml version="1.0" encoding="UTF-8" ?>
<testsuite tests="3" failures="0" name="cucumberOptions.TestRunner" time="20.769" errors="0" skipped="0">
  <properties>
[...]
</properties>
  <testcase classname="Validating Place API&apos;s" name="Verify is place is being successfully added ussing AddPlaceAPI" time="10.641"/>
  <testcase classname="Validating Place API&apos;s" name="Verify is place is being successfully added ussing AddPlaceAPI" time="5.786"/>
  <testcase classname="Validating Place API&apos;s" name="Verify if Delete Place functionality is working" time="4.342"/>
</testsuite>